<?xml version="1.0" encoding="UTF-8"?>
<testng-results ignored="0" total="1" passed="1" failed="0" skipped="0">
  <reporter-output>
  </reporter-output>
  <suite started-at="2023-01-06T12:54:39 IST" name="Default suite" finished-at="2023-01-06T12:55:31 IST" duration-ms="52240">
    <groups>
    </groups>
    <test started-at="2023-01-06T12:54:39 IST" name="Default test" finished-at="2023-01-06T12:55:31 IST" duration-ms="52240">
      <class name="testNG.Test">
        <test-method signature="assertion()[pri:0, instance:testNG.Test@56cdfb3b]" started-at="2023-01-06T12:54:39 IST" name="assertion" finished-at="2023-01-06T12:55:31 IST" duration-ms="52186" status="PASS">
          <reporter-output>
          </reporter-output>
        </test-method> <!-- assertion -->
      </class> <!-- testNG.Test -->
    </test> <!-- Default test -->
  </suite> <!-- Default suite -->
</testng-results>
